<?xml version="1.0" encoding="UTF-8"?>
<testng-results ignored="0" total="4" passed="3" failed="1" skipped="0">
  <reporter-output>
  </reporter-output>
  <suite started-at="2022-02-28T19:44:53 IST" name="Suite" finished-at="2022-02-28T19:45:24 IST" duration-ms="31484">
    <groups>
    </groups>
    <test started-at="2022-02-28T19:44:53 IST" name="To Check the Navigation" finished-at="2022-02-28T19:45:17 IST" duration-ms="24721">
      <class name="com.maven.E2EProject.navigationCheckInHomePage">
        <test-method is-config="true" signature="browserInitializer()[pri:0, instance:com.maven.E2EProject.navigationCheckInHomePage@2c22a348]" started-at="2022-02-28T19:44:53 IST" name="browserInitializer" finished-at="2022-02-28T19:45:17 IST" duration-ms="23989" status="PASS">
          <reporter-output>
          </reporter-output>
        </test-method> <!-- browserInitializer -->
        <test-method signature="getNavigation()[pri:0, instance:com.maven.E2EProject.navigationCheckInHomePage@2c22a348]" started-at="2022-02-28T19:45:17 IST" name="getNavigation" finished-at="2022-02-28T19:45:17 IST" duration-ms="59" status="PASS">
          <reporter-output>
          </reporter-output>
        </test-method> <!-- getNavigation -->
        <test-method is-config="true" signature="tearDown()[pri:0, instance:com.maven.E2EProject.navigationCheckInHomePage@2c22a348]" started-at="2022-02-28T19:45:17 IST" name="tearDown" finished-at="2022-02-28T19:45:17 IST" duration-ms="655" status="PASS">
          <reporter-output>
          </reporter-output>
        </test-method> <!-- tearDown -->
      </class> <!-- com.maven.E2EProject.navigationCheckInHomePage -->
    </test> <!-- To Check the Navigation -->
    <test started-at="2022-02-28T19:44:53 IST" name="To Title Check" finished-at="2022-02-28T19:45:20 IST" duration-ms="27680">
      <class name="com.maven.E2EProject.TitleCheckInHomePage">
        <test-method is-config="true" signature="browserInitializer()[pri:0, instance:com.maven.E2EProject.TitleCheckInHomePage@610db97e]" started-at="2022-02-28T19:44:53 IST" name="browserInitializer" finished-at="2022-02-28T19:45:19 IST" duration-ms="26043" status="PASS">
          <reporter-output>
          </reporter-output>
        </test-method> <!-- browserInitializer -->
        <test-method signature="titleCheck()[pri:0, instance:com.maven.E2EProject.TitleCheckInHomePage@610db97e]" started-at="2022-02-28T19:45:19 IST" name="titleCheck" finished-at="2022-02-28T19:45:19 IST" duration-ms="68" status="FAIL">
          <exception class="java.lang.AssertionError">
            <message>
              <![CDATA[expected [FEATURED COURSES] but found [FEATURED CORSES]]]>
            </message>
            <full-stacktrace>
              <![CDATA[java.lang.AssertionError: expected [FEATURED COURSES] but found [FEATURED CORSES]
at org.testng.Assert.fail(Assert.java:110)
at org.testng.Assert.failNotEquals(Assert.java:1413)
at org.testng.Assert.assertEqualsImpl(Assert.java:149)
at org.testng.Assert.assertEquals(Assert.java:131)
at org.testng.Assert.assertEquals(Assert.java:655)
at org.testng.Assert.assertEquals(Assert.java:665)
at com.maven.E2EProject.TitleCheckInHomePage.titleCheck(TitleCheckInHomePage.java:33)
at java.base/jdk.internal.reflect.NativeMethodAccessorImpl.invoke0(Native Method)
at java.base/jdk.internal.reflect.NativeMethodAccessorImpl.invoke(NativeMethodAccessorImpl.java:62)
at java.base/jdk.internal.reflect.DelegatingMethodAccessorImpl.invoke(DelegatingMethodAccessorImpl.java:43)
at java.base/java.lang.reflect.Method.invoke(Method.java:566)
at org.testng.internal.invokers.MethodInvocationHelper.invokeMethod(MethodInvocationHelper.java:135)
at org.testng.internal.invokers.TestInvoker.invokeMethod(TestInvoker.java:673)
at org.testng.internal.invokers.TestInvoker.invokeTestMethod(TestInvoker.java:220)
at org.testng.internal.invokers.MethodRunner.runInSequence(MethodRunner.java:50)
at org.testng.internal.invokers.TestInvoker$MethodInvocationAgent.invoke(TestInvoker.java:945)
at org.testng.internal.invokers.TestInvoker.invokeTestMethods(TestInvoker.java:193)
at org.testng.internal.invokers.TestMethodWorker.invokeTestMethods(TestMethodWorker.java:146)
at org.testng.internal.invokers.TestMethodWorker.run(TestMethodWorker.java:128)
at java.base/java.util.ArrayList.forEach(ArrayList.java:1541)
at org.testng.TestRunner.privateRun(TestRunner.java:808)
at org.testng.TestRunner.run(TestRunner.java:603)
at org.testng.SuiteRunner.runTest(SuiteRunner.java:429)
at org.testng.SuiteRunner.access$000(SuiteRunner.java:32)
at org.testng.SuiteRunner$SuiteWorker.run(SuiteRunner.java:467)
at org.testng.internal.thread.ThreadUtil.lambda$execute$0(ThreadUtil.java:58)
at java.base/java.util.concurrent.FutureTask.run(FutureTask.java:264)
at java.base/java.util.concurrent.ThreadPoolExecutor.runWorker(ThreadPoolExecutor.java:1128)
at java.base/java.util.concurrent.ThreadPoolExecutor$Worker.run(ThreadPoolExecutor.java:628)
at java.base/java.lang.Thread.run(Thread.java:834)
]]>
            </full-stacktrace>
          </exception> <!-- java.lang.AssertionError -->
          <reporter-output>
          </reporter-output>
        </test-method> <!-- titleCheck -->
        <test-method is-config="true" signature="tearDown()[pri:0, instance:com.maven.E2EProject.TitleCheckInHomePage@610db97e]" started-at="2022-02-28T19:45:20 IST" name="tearDown" finished-at="2022-02-28T19:45:20 IST" duration-ms="690" status="PASS">
          <reporter-output>
          </reporter-output>
        </test-method> <!-- tearDown -->
      </class> <!-- com.maven.E2EProject.TitleCheckInHomePage -->
    </test> <!-- To Title Check -->
    <test started-at="2022-02-28T19:44:53 IST" name="To automate Home Page" finished-at="2022-02-28T19:45:24 IST" duration-ms="31484">
      <class name="com.maven.E2EProject.HomePage">
        <test-method is-config="true" signature="browserInitializer()[pri:0, instance:com.maven.E2EProject.HomePage@4cc61eb1]" started-at="2022-02-28T19:44:53 IST" name="browserInitializer" finished-at="2022-02-28T19:44:56 IST" duration-ms="3265" status="PASS">
          <reporter-output>
          </reporter-output>
        </test-method> <!-- browserInitializer -->
        <test-method signature="loadURL(java.lang.String,java.lang.String)[pri:0, instance:com.maven.E2EProject.HomePage@4cc61eb1]" started-at="2022-02-28T19:44:56 IST" name="loadURL" data-provider="getData" finished-at="2022-02-28T19:45:20 IST" duration-ms="24408" status="PASS">
          <params>
            <param index="0">
              <value>
                <![CDATA[abc@example.com]]>
              </value>
            </param>
            <param index="1">
              <value>
                <![CDATA[Selenium@123]]>
              </value>
            </param>
          </params>
          <reporter-output>
          </reporter-output>
        </test-method> <!-- loadURL -->
        <test-method signature="loadURL(java.lang.String,java.lang.String)[pri:0, instance:com.maven.E2EProject.HomePage@4cc61eb1]" started-at="2022-02-28T19:45:20 IST" name="loadURL" data-provider="getData" finished-at="2022-02-28T19:45:23 IST" duration-ms="3096" status="PASS">
          <params>
            <param index="0">
              <value>
                <![CDATA[def@example.com]]>
              </value>
            </param>
            <param index="1">
              <value>
                <![CDATA[testng@123]]>
              </value>
            </param>
          </params>
          <reporter-output>
          </reporter-output>
        </test-method> <!-- loadURL -->
        <test-method is-config="true" signature="tearDown()[pri:0, instance:com.maven.E2EProject.HomePage@4cc61eb1]" started-at="2022-02-28T19:45:23 IST" name="tearDown" finished-at="2022-02-28T19:45:24 IST" duration-ms="645" status="PASS">
          <reporter-output>
          </reporter-output>
        </test-method> <!-- tearDown -->
      </class> <!-- com.maven.E2EProject.HomePage -->
    </test> <!-- To automate Home Page -->
  </suite> <!-- Suite -->
</testng-results>
