<?xml version="1.0" encoding="UTF-8"?>
<testng-results ignored="0" total="4" passed="3" failed="1" skipped="0">
  <reporter-output>
  </reporter-output>
  <suite started-at="2022-02-28T18:50:20 IST" name="Suite" finished-at="2022-02-28T18:51:05 IST" duration-ms="45059">
    <groups>
    </groups>
    <test started-at="2022-02-28T18:50:20 IST" name="To automate Home Page" finished-at="2022-02-28T18:50:39 IST" duration-ms="19264">
      <class name="com.maven.E2EProject.HomePage">
        <test-method is-config="true" signature="browserInitializer()[pri:0, instance:com.maven.E2EProject.HomePage@e27ba81]" started-at="2022-02-28T18:50:20 IST" name="browserInitializer" finished-at="2022-02-28T18:50:22 IST" duration-ms="1839" status="PASS">
          <reporter-output>
          </reporter-output>
        </test-method> <!-- browserInitializer -->
        <test-method signature="loadURL(java.lang.String,java.lang.String)[pri:0, instance:com.maven.E2EProject.HomePage@e27ba81]" started-at="2022-02-28T18:50:22 IST" name="loadURL" data-provider="getData" finished-at="2022-02-28T18:50:37 IST" duration-ms="15036" status="PASS">
          <params>
            <param index="0">
              <value>
                <![CDATA[abc@example.com]]>
              </value>
            </param>
            <param index="1">
              <value>
                <![CDATA[Selenium@123]]>
              </value>
            </param>
          </params>
          <reporter-output>
          </reporter-output>
        </test-method> <!-- loadURL -->
        <test-method signature="loadURL(java.lang.String,java.lang.String)[pri:0, instance:com.maven.E2EProject.HomePage@e27ba81]" started-at="2022-02-28T18:50:37 IST" name="loadURL" data-provider="getData" finished-at="2022-02-28T18:50:39 IST" duration-ms="2113" status="PASS">
          <params>
            <param index="0">
              <value>
                <![CDATA[def@example.com]]>
              </value>
            </param>
            <param index="1">
              <value>
                <![CDATA[testng@123]]>
              </value>
            </param>
          </params>
          <reporter-output>
          </reporter-output>
        </test-method> <!-- loadURL -->
        <test-method is-config="true" signature="tearDown()[pri:0, instance:com.maven.E2EProject.HomePage@e27ba81]" started-at="2022-02-28T18:50:39 IST" name="tearDown" finished-at="2022-02-28T18:50:39 IST" duration-ms="210" status="PASS">
          <reporter-output>
          </reporter-output>
        </test-method> <!-- tearDown -->
      </class> <!-- com.maven.E2EProject.HomePage -->
    </test> <!-- To automate Home Page -->
    <test started-at="2022-02-28T18:50:40 IST" name="To Title Check" finished-at="2022-02-28T18:50:54 IST" duration-ms="13825">
      <class name="com.maven.E2EProject.TitleCheckInHomePage">
        <test-method is-config="true" signature="browserInitializer()[pri:0, instance:com.maven.E2EProject.TitleCheckInHomePage@54f5f647]" started-at="2022-02-28T18:50:40 IST" name="browserInitializer" finished-at="2022-02-28T18:50:53 IST" duration-ms="13172" status="PASS">
          <reporter-output>
          </reporter-output>
        </test-method> <!-- browserInitializer -->
        <test-method signature="titleCheck()[pri:0, instance:com.maven.E2EProject.TitleCheckInHomePage@54f5f647]" started-at="2022-02-28T18:50:53 IST" name="titleCheck" finished-at="2022-02-28T18:50:53 IST" duration-ms="31" status="FAIL">
          <exception class="java.lang.AssertionError">
            <message>
              <![CDATA[expected [FEATURED COURSES] but found [FEATURED CORSES]]]>
            </message>
            <full-stacktrace>
              <![CDATA[java.lang.AssertionError: expected [FEATURED COURSES] but found [FEATURED CORSES]
at org.testng.Assert.fail(Assert.java:110)
at org.testng.Assert.failNotEquals(Assert.java:1413)
at org.testng.Assert.assertEqualsImpl(Assert.java:149)
at org.testng.Assert.assertEquals(Assert.java:131)
at org.testng.Assert.assertEquals(Assert.java:655)
at org.testng.Assert.assertEquals(Assert.java:665)
at com.maven.E2EProject.TitleCheckInHomePage.titleCheck(TitleCheckInHomePage.java:33)
at java.base/jdk.internal.reflect.NativeMethodAccessorImpl.invoke0(Native Method)
at java.base/jdk.internal.reflect.NativeMethodAccessorImpl.invoke(NativeMethodAccessorImpl.java:77)
at java.base/jdk.internal.reflect.DelegatingMethodAccessorImpl.invoke(DelegatingMethodAccessorImpl.java:43)
at java.base/java.lang.reflect.Method.invoke(Method.java:568)
at org.testng.internal.invokers.MethodInvocationHelper.invokeMethod(MethodInvocationHelper.java:135)
at org.testng.internal.invokers.TestInvoker.invokeMethod(TestInvoker.java:673)
at org.testng.internal.invokers.TestInvoker.invokeTestMethod(TestInvoker.java:220)
at org.testng.internal.invokers.MethodRunner.runInSequence(MethodRunner.java:50)
at org.testng.internal.invokers.TestInvoker$MethodInvocationAgent.invoke(TestInvoker.java:945)
at org.testng.internal.invokers.TestInvoker.invokeTestMethods(TestInvoker.java:193)
at org.testng.internal.invokers.TestMethodWorker.invokeTestMethods(TestMethodWorker.java:146)
at org.testng.internal.invokers.TestMethodWorker.run(TestMethodWorker.java:128)
at java.base/java.util.ArrayList.forEach(ArrayList.java:1511)
at org.testng.TestRunner.privateRun(TestRunner.java:808)
at org.testng.TestRunner.run(TestRunner.java:603)
at org.testng.SuiteRunner.runTest(SuiteRunner.java:429)
at org.testng.SuiteRunner.runSequentially(SuiteRunner.java:423)
at org.testng.SuiteRunner.privateRun(SuiteRunner.java:383)
at org.testng.SuiteRunner.run(SuiteRunner.java:326)
at org.testng.SuiteRunnerWorker.runSuite(SuiteRunnerWorker.java:52)
at org.testng.SuiteRunnerWorker.run(SuiteRunnerWorker.java:95)
at org.testng.TestNG.runSuitesSequentially(TestNG.java:1249)
at org.testng.TestNG.runSuitesLocally(TestNG.java:1169)
at org.testng.TestNG.runSuites(TestNG.java:1092)
at org.testng.TestNG.run(TestNG.java:1060)
at org.testng.remote.AbstractRemoteTestNG.run(AbstractRemoteTestNG.java:115)
at org.testng.remote.RemoteTestNG.initAndRun(RemoteTestNG.java:251)
at org.testng.remote.RemoteTestNG.main(RemoteTestNG.java:77)
]]>
            </full-stacktrace>
          </exception> <!-- java.lang.AssertionError -->
          <reporter-output>
          </reporter-output>
        </test-method> <!-- titleCheck -->
        <test-method is-config="true" signature="tearDown()[pri:0, instance:com.maven.E2EProject.TitleCheckInHomePage@54f5f647]" started-at="2022-02-28T18:50:53 IST" name="tearDown" finished-at="2022-02-28T18:50:54 IST" duration-ms="186" status="PASS">
          <reporter-output>
          </reporter-output>
        </test-method> <!-- tearDown -->
      </class> <!-- com.maven.E2EProject.TitleCheckInHomePage -->
    </test> <!-- To Title Check -->
    <test started-at="2022-02-28T18:50:54 IST" name="To Check the Navigation" finished-at="2022-02-28T18:51:05 IST" duration-ms="11605">
      <class name="com.maven.E2EProject.navigationCheckInHomePage">
        <test-method is-config="true" signature="browserInitializer()[pri:0, instance:com.maven.E2EProject.navigationCheckInHomePage@54e81b21]" started-at="2022-02-28T18:50:54 IST" name="browserInitializer" finished-at="2022-02-28T18:51:05 IST" duration-ms="11355" status="PASS">
          <reporter-output>
          </reporter-output>
        </test-method> <!-- browserInitializer -->
        <test-method signature="getNavigation()[pri:0, instance:com.maven.E2EProject.navigationCheckInHomePage@54e81b21]" started-at="2022-02-28T18:51:05 IST" name="getNavigation" finished-at="2022-02-28T18:51:05 IST" duration-ms="59" status="PASS">
          <reporter-output>
          </reporter-output>
        </test-method> <!-- getNavigation -->
        <test-method is-config="true" signature="tearDown()[pri:0, instance:com.maven.E2EProject.navigationCheckInHomePage@54e81b21]" started-at="2022-02-28T18:51:05 IST" name="tearDown" finished-at="2022-02-28T18:51:05 IST" duration-ms="188" status="PASS">
          <reporter-output>
          </reporter-output>
        </test-method> <!-- tearDown -->
      </class> <!-- com.maven.E2EProject.navigationCheckInHomePage -->
    </test> <!-- To Check the Navigation -->
  </suite> <!-- Suite -->
</testng-results>
