<?xml version="1.0" encoding="UTF-8"?>
<!-- Generated by org.testng.reporters.JUnitReportReporter -->
<testsuite hostname="DESKTOP-GD611T9" failures="0" tests="3" name="com.maven.E2EProject.TitleCheckInHomePage" time="0.011" errors="1" timestamp="2022-03-01T14:45:16 IST" skipped="2">
  <testcase classname="com.maven.E2EProject.TitleCheckInHomePage" name="headerCheck" time="0.000">
    <skipped/>
  </testcase> <!-- headerCheck -->
  <system-out/>
  <testcase classname="com.maven.E2EProject.TitleCheckInHomePage" name="titleCheck" time="0.001">
    <skipped/>
  </testcase> <!-- titleCheck -->
  <system-out/>
  <testcase classname="com.maven.E2EProject.TitleCheckInHomePage" name="browserInitializer" time="0.010">
    <error message="Cannot invoke &quot;String.contains(java.lang.CharSequence)&quot; because &quot;browser&quot; is null" type="java.lang.NullPointerException">
      <![CDATA[java.lang.NullPointerException: Cannot invoke "String.contains(java.lang.CharSequence)" because "browser" is null
at com.maven.resources.Base.initializeDriver(Base.java:39)
at com.maven.E2EProject.TitleCheckInHomePage.browserInitializer(TitleCheckInHomePage.java:26)
at java.base/jdk.internal.reflect.NativeMethodAccessorImpl.invoke0(Native Method)
at java.base/jdk.internal.reflect.NativeMethodAccessorImpl.invoke(NativeMethodAccessorImpl.java:77)
at java.base/jdk.internal.reflect.DelegatingMethodAccessorImpl.invoke(DelegatingMethodAccessorImpl.java:43)
at java.base/java.lang.reflect.Method.invoke(Method.java:568)
at org.testng.internal.invokers.MethodInvocationHelper.invokeMethod(MethodInvocationHelper.java:135)
at org.testng.internal.invokers.MethodInvocationHelper.invokeMethodConsideringTimeout(MethodInvocationHelper.java:65)
at org.testng.internal.invokers.ConfigInvoker.invokeConfigurationMethod(ConfigInvoker.java:381)
at org.testng.internal.invokers.ConfigInvoker.invokeConfigurations(ConfigInvoker.java:319)
at org.testng.TestRunner.invokeTestConfigurations(TestRunner.java:645)
at org.testng.TestRunner.beforeRun(TestRunner.java:634)
at org.testng.TestRunner.run(TestRunner.java:596)
at org.testng.SuiteRunner.runTest(SuiteRunner.java:429)
at org.testng.SuiteRunner.access$000(SuiteRunner.java:32)
at org.testng.SuiteRunner$SuiteWorker.run(SuiteRunner.java:467)
at org.testng.internal.thread.ThreadUtil.lambda$execute$0(ThreadUtil.java:58)
at java.base/java.util.concurrent.FutureTask.run(FutureTask.java:264)
at java.base/java.util.concurrent.ThreadPoolExecutor.runWorker(ThreadPoolExecutor.java:1136)
at java.base/java.util.concurrent.ThreadPoolExecutor$Worker.run(ThreadPoolExecutor.java:635)
at java.base/java.lang.Thread.run(Thread.java:833)
]]>
    </error>
  </testcase> <!-- browserInitializer -->
  <system-out/>
</testsuite> <!-- com.maven.E2EProject.TitleCheckInHomePage -->
